<?xml version="1.0" encoding="UTF-8" ?>
<testsuite failures="0" time="0.115" errors="0" skipped="0" tests="26" name="edu.berkeley.path.beats.test.simulator.BeatsMathTest">
  <properties>
    <property name="java.runtime.name" value="Java(TM) SE Runtime Environment"/>
    <property name="sun.boot.library.path" value="c:\Program Files\Java\jdk1.7.0_45\jre\bin"/>
    <property name="java.vm.version" value="24.45-b08"/>
    <property name="java.vm.vendor" value="Oracle Corporation"/>
    <property name="java.vendor.url" value="http://java.oracle.com/"/>
    <property name="path.separator" value=";"/>
    <property name="guice.disable.misplaced.annotation.check" value="true"/>
    <property name="java.vm.name" value="Java HotSpot(TM) 64-Bit Server VM"/>
    <property name="file.encoding.pkg" value="sun.io"/>
    <property name="user.script" value=""/>
    <property name="user.country" value="US"/>
    <property name="sun.java.launcher" value="SUN_STANDARD"/>
    <property name="sun.os.patch.level" value="Service Pack 1"/>
    <property name="java.vm.specification.name" value="Java Virtual Machine Specification"/>
    <property name="user.dir" value="c:\Users\gomes\code\L0\beats"/>
    <property name="java.runtime.version" value="1.7.0_45-b18"/>
    <property name="java.awt.graphicsenv" value="sun.awt.Win32GraphicsEnvironment"/>
    <property name="java.endorsed.dirs" value="c:\Program Files\Java\jdk1.7.0_45\jre\lib\endorsed"/>
    <property name="os.arch" value="amd64"/>
    <property name="java.io.tmpdir" value="C:\Users\gomes\AppData\Local\Temp\"/>
    <property name="line.separator" value="
"/>
    <property name="java.vm.specification.vendor" value="Oracle Corporation"/>
    <property name="user.variant" value=""/>
    <property name="os.name" value="Windows 7"/>
    <property name="classworlds.conf" value="c:/apache-maven-3.1.1/bin/m2.conf"/>
    <property name="sun.jnu.encoding" value="Cp1252"/>
    <property name="java.library.path" value="c:\Program Files\Java\jdk1.7.0_45\bin;C:\Windows\Sun\Java\bin;C:\Windows\system32;C:\Windows;c:\Users\gomes\bin;.;C:\Program Files (x86)\Git\local\bin;C:\Program Files (x86)\Git\mingw\bin;C:\Program Files (x86)\Git\bin;c:\ProgramData\Oracle\Java\javapath;c:\gurobi563\win64\bin;c:\Sencha\Cmd\5.0.0.114;g\gurobi560\win64\bin;c:\Program Files (x86)\AMD APP\bin\x86_64;c:\Program Files (x86)\AMD APP\bin\x86;c:\Windows\system32;c:\Windows;c:\Windows\System32\Wbem;c:\Windows\System32\WindowsPowerShell\v1.0\;c:\Program Files (x86)\ATI Technologies\ATI.ACE\Core-Static;c:\Program Files\MATLAB\R2014b\runtime\win64;c:\Program Files\MATLAB\R2014b\bin;c:\Program Files (x86)\MiKTeX 2.9\miktex\bin\;c:\Program Files (x86)\gs\gs9.10\bin\;c:\Program Files\gs\gs9.10\bin\;c:\Program Files\Java\jdk1.7.0_45\bin\;C:\Program Files (x86)\Git\cmd\;c:\Program Files\grepWin\;c:\Program Files (x86)\Beyond Compare 3\;c:\apache-maven-3.1.1\bin\;c:\Python33\;c:\Users\gomes\code\scripts\;&quot;C;C:\Program Files (x86)\Git\Users\gomes\Box Sync\work\lib&quot;;c:\Ruby193\bin;."/>
    <property name="java.specification.name" value="Java Platform API Specification"/>
    <property name="java.class.version" value="51.0"/>
    <property name="sun.management.compiler" value="HotSpot 64-Bit Tiered Compilers"/>
    <property name="os.version" value="6.1"/>
    <property name="user.home" value="C:\Users\gomes"/>
    <property name="user.timezone" value="America/Los_Angeles"/>
    <property name="java.awt.printerjob" value="sun.awt.windows.WPrinterJob"/>
    <property name="java.specification.version" value="1.7"/>
    <property name="file.encoding" value="Cp1252"/>
    <property name="user.name" value="gomes"/>
    <property name="java.class.path" value="c:/apache-maven-3.1.1/boot/plexus-classworlds-2.5.1.jar"/>
    <property name="org.slf4j.simpleLogger.defaultLogLevel" value="info"/>
    <property name="java.vm.specification.version" value="1.7"/>
    <property name="sun.arch.data.model" value="64"/>
    <property name="java.home" value="c:\Program Files\Java\jdk1.7.0_45\jre"/>
    <property name="sun.java.command" value="org.codehaus.plexus.classworlds.launcher.Launcher assembly:assembly"/>
    <property name="java.specification.vendor" value="Oracle Corporation"/>
    <property name="user.language" value="en"/>
    <property name="awt.toolkit" value="sun.awt.windows.WToolkit"/>
    <property name="java.vm.info" value="mixed mode"/>
    <property name="java.version" value="1.7.0_45"/>
    <property name="java.ext.dirs" value="c:\Program Files\Java\jdk1.7.0_45\jre\lib\ext;C:\Windows\Sun\Java\lib\ext"/>
    <property name="sun.boot.class.path" value="c:\Program Files\Java\jdk1.7.0_45\jre\lib\resources.jar;c:\Program Files\Java\jdk1.7.0_45\jre\lib\rt.jar;c:\Program Files\Java\jdk1.7.0_45\jre\lib\sunrsasign.jar;c:\Program Files\Java\jdk1.7.0_45\jre\lib\jsse.jar;c:\Program Files\Java\jdk1.7.0_45\jre\lib\jce.jar;c:\Program Files\Java\jdk1.7.0_45\jre\lib\charsets.jar;c:\Program Files\Java\jdk1.7.0_45\jre\lib\jfr.jar;c:\Program Files\Java\jdk1.7.0_45\jre\classes"/>
    <property name="java.vendor" value="Oracle Corporation"/>
    <property name="maven.home" value="c:\apache-maven-3.1.1"/>
    <property name="file.separator" value="\"/>
    <property name="java.vendor.url.bug" value="http://bugreport.sun.com/bugreport/"/>
    <property name="sun.cpu.endian" value="little"/>
    <property name="sun.io.unicode.encoding" value="UnicodeLittle"/>
    <property name="sun.desktop" value="windows"/>
    <property name="sun.cpu.isalist" value="amd64"/>
  </properties>
  <testcase time="0.003" classname="edu.berkeley.path.beats.test.simulator.BeatsMathTest" name="test_zeros_1D"/>
  <testcase time="0.003" classname="edu.berkeley.path.beats.test.simulator.BeatsMathTest" name="test_zeros_2D"/>
  <testcase time="0.004" classname="edu.berkeley.path.beats.test.simulator.BeatsMathTest" name="test_ceil"/>
  <testcase time="0.003" classname="edu.berkeley.path.beats.test.simulator.BeatsMathTest" name="test_floor"/>
  <testcase time="0.003" classname="edu.berkeley.path.beats.test.simulator.BeatsMathTest" name="test_round"/>
  <testcase time="0.003" classname="edu.berkeley.path.beats.test.simulator.BeatsMathTest" name="test_any"/>
  <testcase time="0.003" classname="edu.berkeley.path.beats.test.simulator.BeatsMathTest" name="test_all"/>
  <testcase time="0.002" classname="edu.berkeley.path.beats.test.simulator.BeatsMathTest" name="test_not"/>
  <testcase time="0.002" classname="edu.berkeley.path.beats.test.simulator.BeatsMathTest" name="test_count"/>
  <testcase time="0.003" classname="edu.berkeley.path.beats.test.simulator.BeatsMathTest" name="test_find"/>
  <testcase time="0.003" classname="edu.berkeley.path.beats.test.simulator.BeatsMathTest" name="test_equals"/>
  <testcase time="0.002" classname="edu.berkeley.path.beats.test.simulator.BeatsMathTest" name="test_equals1D"/>
  <testcase time="0.004" classname="edu.berkeley.path.beats.test.simulator.BeatsMathTest" name="test_equals2D"/>
  <testcase time="0.003" classname="edu.berkeley.path.beats.test.simulator.BeatsMathTest" name="test_equals3D"/>
  <testcase time="0.003" classname="edu.berkeley.path.beats.test.simulator.BeatsMathTest" name="test_lessthan"/>
  <testcase time="0.003" classname="edu.berkeley.path.beats.test.simulator.BeatsMathTest" name="test_gcd"/>
  <testcase time="0.002" classname="edu.berkeley.path.beats.test.simulator.BeatsMathTest" name="test_sum_1D_array"/>
  <testcase time="0.003" classname="edu.berkeley.path.beats.test.simulator.BeatsMathTest" name="test_sum_1D_collection"/>
  <testcase time="0.002" classname="edu.berkeley.path.beats.test.simulator.BeatsMathTest" name="test_sum_2D_array"/>
  <testcase time="0.003" classname="edu.berkeley.path.beats.test.simulator.BeatsMathTest" name="test_times_scalararray"/>
  <testcase time="0.002" classname="edu.berkeley.path.beats.test.simulator.BeatsMathTest" name="test_isintegermultipleof"/>
  <testcase time="0.003" classname="edu.berkeley.path.beats.test.simulator.BeatsMathTest" name="test_greaterthan"/>
  <testcase time="0.002" classname="edu.berkeley.path.beats.test.simulator.BeatsMathTest" name="test_greaterorequalthan"/>
  <testcase time="0.002" classname="edu.berkeley.path.beats.test.simulator.BeatsMathTest" name="test_lessorequalthan"/>
  <testcase time="0.047" classname="edu.berkeley.path.beats.test.simulator.BeatsMathTest" name="test_dirichlet"/>
  <testcase time="0.002" classname="edu.berkeley.path.beats.test.simulator.BeatsMathTest" name="test_betaparams"/>
</testsuite>